#
# There is insufficient memory for the Java Runtime Environment to continue.
# Native memory allocation (malloc) failed to allocate 32744 bytes for ChunkPool::allocate
# Possible reasons:
#   The system is out of physical RAM or swap space
#   The process is running with CompressedOops enabled, and the Java Heap may be blocking the growth of the native heap
# Possible solutions:
#   Reduce memory load on the system
#   Increase physical memory or swap space
#   Check if swap backing store is full
#   Decrease Java heap size (-Xmx/-Xms)
#   Decrease number of Java threads
#   Decrease Java thread stack sizes (-Xss)
#   Set larger code cache with -XX:ReservedCodeCacheSize=
#   JVM is running with Unscaled Compressed Oops mode in which the Java heap is
#     placed in the first 4GB address space. The Java Heap base address is the
#     maximum limit for the native heap growth. Please use -XX:HeapBaseMinAddress
#     to set the Java Heap base and to place the Java Heap above 4GB virtual address.
# This output file may be truncated or incomplete.
#
#  Out of Memory Error (allocation.cpp:272), pid=8696, tid=0x0000000000001774
#
# JRE version: OpenJDK Runtime Environment (8.0_212-b04) (build 1.8.0_212-release-1586-b04)
# Java VM: OpenJDK 64-Bit Server VM (25.212-b04 mixed mode windows-amd64 compressed oops)
# Failed to write core dump. Minidumps are not enabled by default on client versions of Windows
#

---------------  T H R E A D  ---------------

Current thread (0x0000000016fa4000):  JavaThread "C2 CompilerThread0" daemon [_thread_in_native, id=6004, stack(0x00000000185b0000,0x00000000186b0000)]

Stack: [0x00000000185b0000,0x00000000186b0000]
[error occurred during error reporting (printing stack bounds), id 0xc0000005]

Native frames: (J=compiled Java code, j=interpreted, Vv=VM code, C=native code)


Current CompileTask:
C2:  29972 1496       4       java.net.URLClassLoader$1::run (5 bytes)


---------------  P R O C E S S  ---------------

Java Threads: ( => current thread )
  0x000000001908a000 JavaThread "Cache worker for journal cache (C:\Users\morikentiger\.gradle\caches\journal-1)" [_thread_blocked, id=25676, stack(0x000000001b980000,0x000000001ba80000)]
  0x000000001908b800 JavaThread "File lock request listener" [_thread_in_native, id=26268, stack(0x000000001b880000,0x000000001b980000)]
  0x0000000019086000 JavaThread "Cache worker for file hash cache (C:\Users\morikentiger\.gradle\caches\5.6.4\fileHashes)" [_thread_blocked, id=19760, stack(0x000000001b780000,0x000000001b880000)]
  0x0000000018f53800 JavaThread "Thread-9" [_thread_blocked, id=10988, stack(0x000000001b480000,0x000000001b580000)]
  0x0000000018f52000 JavaThread "Stdin handler" [_thread_blocked, id=30072, stack(0x000000001b380000,0x000000001b480000)]
  0x000000001a051800 JavaThread "Asynchronous log dispatcher for DefaultDaemonConnection: socket connection from /127.0.0.1:63541 to /127.0.0.1:63542" [_thread_blocked, id=25732, stack(0x000000001b280000,0x000000001b380000)]
  0x000000001a050000 JavaThread "Daemon worker" [_thread_in_vm, id=25740, stack(0x000000001b180000,0x000000001b280000)]
  0x000000001a04f000 JavaThread "Cancel handler" [_thread_blocked, id=12048, stack(0x000000001b080000,0x000000001b180000)]
  0x000000001a045000 JavaThread "Handler for socket connection from /127.0.0.1:63541 to /127.0.0.1:63542" [_thread_in_native, id=8452, stack(0x000000001ad80000,0x000000001ae80000)]
  0x000000001a042000 JavaThread "Daemon" [_thread_blocked, id=4964, stack(0x000000001ac80000,0x000000001ad80000)]
  0x000000001a031000 JavaThread "Daemon periodic checks" [_thread_blocked, id=25124, stack(0x000000001ab80000,0x000000001ac80000)]
  0x0000000019f9d800 JavaThread "Incoming local TCP Connector on port 63541" [_thread_in_native, id=19428, stack(0x000000001a9a0000,0x000000001aaa0000)]
  0x0000000019ac4800 JavaThread "Daemon health stats" [_thread_blocked, id=27224, stack(0x000000001a680000,0x000000001a780000)]
  0x000000001880b800 JavaThread "Service Thread" daemon [_thread_blocked, id=28696, stack(0x0000000018cb0000,0x0000000018db0000)]
  0x0000000018807000 JavaThread "C1 CompilerThread2" daemon [_thread_blocked, id=25272, stack(0x0000000018bb0000,0x0000000018cb0000)]
  0x0000000016fa7800 JavaThread "C2 CompilerThread1" daemon [_thread_in_native, id=22640, stack(0x00000000186b0000,0x00000000187b0000)]
=>0x0000000016fa4000 JavaThread "C2 CompilerThread0" daemon [_thread_in_native, id=6004, stack(0x00000000185b0000,0x00000000186b0000)]
  0x0000000016ff7800 JavaThread "Attach Listener" daemon [_thread_blocked, id=19632, stack(0x00000000184b0000,0x00000000185b0000)]
  0x0000000016fb5000 JavaThread "Signal Dispatcher" daemon [_thread_blocked, id=4624, stack(0x00000000183b0000,0x00000000184b0000)]
  0x000000000362c000 JavaThread "Finalizer" daemon [_thread_blocked, id=8844, stack(0x0000000018210000,0x0000000018310000)]
  0x0000000016f89000 JavaThread "Reference Handler" daemon [_thread_blocked, id=25280, stack(0x0000000018110000,0x0000000018210000)]
  0x000000000309e800 JavaThread "main" [_thread_blocked, id=28396, stack(0x0000000003430000,0x0000000003530000)]

Other Threads:
  0x0000000016f65800 VMThread [stack: 0x0000000018010000,0x0000000018110000] [id=27104]
  0x000000001880c800 WatcherThread [stack: 0x0000000018db0000,0x0000000018eb0000] [id=11804]

VM state:synchronizing (normal execution)

VM Mutex/Monitor currently owned by a thread:  ([mutex/lock_event])
[0x00000000035304d0] Threads_lock - owner thread: 0x0000000016f65800

heap address: 0x00000000a0000000, size: 1536 MB, Compressed Oops mode: 32-bit
Narrow klass base: 0x0000000000000000, Narrow klass shift: 3
Compressed class space size: 1073741824 Address: 0x0000000100000000

Heap:
 PSYoungGen      total 36864K, used 34483K [0x00000000e0000000, 0x00000000e2900000, 0x0000000100000000)
  eden space 31744K, 92% used [0x00000000e0000000,0x00000000e1caf648,0x00000000e1f00000)
  from space 5120K, 99% used [0x00000000e1f00000,0x00000000e23fd630,0x00000000e2400000)
  to   space 5120K, 0% used [0x00000000e2400000,0x00000000e2400000,0x00000000e2900000)
 ParOldGen       total 84992K, used 1187K [0x00000000a0000000, 0x00000000a5300000, 0x00000000e0000000)
  object space 84992K, 1% used [0x00000000a0000000,0x00000000a0128e40,0x00000000a5300000)
 Metaspace       used 14511K, capacity 14958K, committed 15232K, reserved 1062912K
  class space    used 1998K, capacity 2131K, committed 2176K, reserved 1048576K

Card table byte_map: [0x00000000129f0000,0x0000000012d00000] byte_map_base: 0x00000000124f0000

Marking Bits: (ParMarkBitMap*) 0x0000000059e59f30
 Begin Bits: [0x0000000013300000, 0x0000000014b00000)
 End Bits:   [0x0000000014b00000, 0x0000000016300000)

Polling page: 0x0000000003060000

CodeCache: size=245760Kb used=5012Kb max_used=5012Kb free=240747Kb
 bounds [0x0000000003630000, 0x0000000003b30000, 0x0000000012630000]
 total_blobs=1781 nmethods=1395 adapters=299
 compilation: enabled

Compilation events (10 events):
Event: 29.849 Thread 0x0000000018807000 1501       3       java.lang.invoke.MethodTypeForm::canonicalize (64 bytes)
Event: 29.850 Thread 0x0000000018807000 nmethod 1501 0x000000000374e690 code [0x000000000374e820, 0x000000000374ec68]
Event: 29.852 Thread 0x0000000018807000 1502       3       java.lang.invoke.MethodType$ConcurrentWeakInternSet::add (66 bytes)
Event: 29.855 Thread 0x0000000018807000 nmethod 1502 0x000000000377e690 code [0x000000000377e8c0, 0x000000000377f688]
Event: 29.856 Thread 0x0000000018807000 1503       3       java.lang.invoke.MemberName::flagsMods (72 bytes)
Event: 29.856 Thread 0x0000000018807000 nmethod 1503 0x000000000376e150 code [0x000000000376e2a0, 0x000000000376e410]
Event: 29.856 Thread 0x0000000018807000 1504       3       java.lang.invoke.MemberName::init (66 bytes)
Event: 29.857 Thread 0x0000000018807000 nmethod 1504 0x00000000037d1410 code [0x00000000037d1560, 0x00000000037d1710]
Event: 29.857 Thread 0x0000000018807000 1506       3       java.lang.invoke.LambdaForm$BasicType::basicTypeChar (8 bytes)
Event: 29.858 Thread 0x0000000018807000 nmethod 1506 0x0000000003918c50 code [0x0000000003918de0, 0x00000000039191e8]

GC Heap History (6 events):
Event: 12.863 GC heap before
{Heap before GC invocations=1 (full 0):
 PSYoungGen      total 36864K, used 31744K [0x00000000e0000000, 0x00000000e2900000, 0x0000000100000000)
  eden space 31744K, 100% used [0x00000000e0000000,0x00000000e1f00000,0x00000000e1f00000)
  from space 5120K, 0% used [0x00000000e2400000,0x00000000e2400000,0x00000000e2900000)
  to   space 5120K, 0% used [0x00000000e1f00000,0x00000000e1f00000,0x00000000e2400000)
 ParOldGen       total 84992K, used 0K [0x00000000a0000000, 0x00000000a5300000, 0x00000000e0000000)
  object space 84992K, 0% used [0x00000000a0000000,0x00000000a0000000,0x00000000a5300000)
 Metaspace       used 7097K, capacity 7356K, committed 7680K, reserved 1056768K
  class space    used 861K, capacity 944K, committed 1024K, reserved 1048576K
Event: 12.888 GC heap after
Heap after GC invocations=1 (full 0):
 PSYoungGen      total 36864K, used 4546K [0x00000000e0000000, 0x00000000e2900000, 0x0000000100000000)
  eden space 31744K, 0% used [0x00000000e0000000,0x00000000e0000000,0x00000000e1f00000)
  from space 5120K, 88% used [0x00000000e1f00000,0x00000000e23709a8,0x00000000e2400000)
  to   space 5120K, 0% used [0x00000000e2400000,0x00000000e2400000,0x00000000e2900000)
 ParOldGen       total 84992K, used 8K [0x00000000a0000000, 0x00000000a5300000, 0x00000000e0000000)
  object space 84992K, 0% used [0x00000000a0000000,0x00000000a0002000,0x00000000a5300000)
 Metaspace       used 7097K, capacity 7356K, committed 7680K, reserved 1056768K
  class space    used 861K, capacity 944K, committed 1024K, reserved 1048576K
}
Event: 15.779 GC heap before
{Heap before GC invocations=2 (full 0):
 PSYoungGen      total 36864K, used 36290K [0x00000000e0000000, 0x00000000e2900000, 0x0000000100000000)
  eden space 31744K, 100% used [0x00000000e0000000,0x00000000e1f00000,0x00000000e1f00000)
  from space 5120K, 88% used [0x00000000e1f00000,0x00000000e23709a8,0x00000000e2400000)
  to   space 5120K, 0% used [0x00000000e2400000,0x00000000e2400000,0x00000000e2900000)
 ParOldGen       total 84992K, used 8K [0x00000000a0000000, 0x00000000a5300000, 0x00000000e0000000)
  object space 84992K, 0% used [0x00000000a0000000,0x00000000a0002000,0x00000000a5300000)
 Metaspace       used 7317K, capacity 7668K, committed 7936K, reserved 1056768K
  class space    used 886K, capacity 984K, committed 1024K, reserved 1048576K
Event: 15.801 GC heap after
Heap after GC invocations=2 (full 0):
 PSYoungGen      total 36864K, used 3379K [0x00000000e0000000, 0x00000000e2900000, 0x0000000100000000)
  eden space 31744K, 0% used [0x00000000e0000000,0x00000000e0000000,0x00000000e1f00000)
  from space 5120K, 66% used [0x00000000e2400000,0x00000000e274ccd0,0x00000000e2900000)
  to   space 5120K, 0% used [0x00000000e1f00000,0x00000000e1f00000,0x00000000e2400000)
 ParOldGen       total 84992K, used 16K [0x00000000a0000000, 0x00000000a5300000, 0x00000000e0000000)
  object space 84992K, 0% used [0x00000000a0000000,0x00000000a0004000,0x00000000a5300000)
 Metaspace       used 7317K, capacity 7668K, committed 7936K, reserved 1056768K
  class space    used 886K, capacity 984K, committed 1024K, reserved 1048576K
}
Event: 26.766 GC heap before
{Heap before GC invocations=3 (full 0):
 PSYoungGen      total 36864K, used 35123K [0x00000000e0000000, 0x00000000e2900000, 0x0000000100000000)
  eden space 31744K, 100% used [0x00000000e0000000,0x00000000e1f00000,0x00000000e1f00000)
  from space 5120K, 66% used [0x00000000e2400000,0x00000000e274ccd0,0x00000000e2900000)
  to   space 5120K, 0% used [0x00000000e1f00000,0x00000000e1f00000,0x00000000e2400000)
 ParOldGen       total 84992K, used 16K [0x00000000a0000000, 0x00000000a5300000, 0x00000000e0000000)
  object space 84992K, 0% used [0x00000000a0000000,0x00000000a0004000,0x00000000a5300000)
 Metaspace       used 12062K, capacity 12430K, committed 12544K, reserved 1060864K
  class space    used 1587K, capacity 1691K, committed 1792K, reserved 1048576K
Event: 26.796 GC heap after
Heap after GC invocations=3 (full 0):
 PSYoungGen      total 36864K, used 5109K [0x00000000e0000000, 0x00000000e2900000, 0x0000000100000000)
  eden space 31744K, 0% used [0x00000000e0000000,0x00000000e0000000,0x00000000e1f00000)
  from space 5120K, 99% used [0x00000000e1f00000,0x00000000e23fd630,0x00000000e2400000)
  to   space 5120K, 0% used [0x00000000e2400000,0x00000000e2400000,0x00000000e2900000)
 ParOldGen       total 84992K, used 1187K [0x00000000a0000000, 0x00000000a5300000, 0x00000000e0000000)
  object space 84992K, 1% used [0x00000000a0000000,0x00000000a0128e40,0x00000000a5300000)
 Metaspace       used 12062K, capacity 12430K, committed 12544K, reserved 1060864K
  class space    used 1587K, capacity 1691K, committed 1792K, reserved 1048576K
}

Deoptimization events (10 events):
Event: 26.713 Thread 0x000000001a050000 Uncommon trap: reason=class_check action=maybe_recompile pc=0x0000000003882e38 method=java.util.HashMap.putVal(ILjava/lang/Object;Ljava/lang/Object;ZZ)Ljava/lang/Object; @ 203
Event: 26.713 Thread 0x000000001a050000 Uncommon trap: reason=bimorphic action=maybe_recompile pc=0x0000000003882dec method=java.util.HashMap.putVal(ILjava/lang/Object;Ljava/lang/Object;ZZ)Ljava/lang/Object; @ 253
Event: 26.713 Thread 0x000000001a050000 Uncommon trap: reason=bimorphic action=maybe_recompile pc=0x0000000003882dec method=java.util.HashMap.putVal(ILjava/lang/Object;Ljava/lang/Object;ZZ)Ljava/lang/Object; @ 253
Event: 26.713 Thread 0x000000001a050000 Uncommon trap: reason=bimorphic action=maybe_recompile pc=0x0000000003882dec method=java.util.HashMap.putVal(ILjava/lang/Object;Ljava/lang/Object;ZZ)Ljava/lang/Object; @ 253
Event: 26.714 Thread 0x000000001a050000 Uncommon trap: reason=bimorphic action=maybe_recompile pc=0x0000000003882dec method=java.util.HashMap.putVal(ILjava/lang/Object;Ljava/lang/Object;ZZ)Ljava/lang/Object; @ 253
Event: 26.714 Thread 0x000000001a050000 Uncommon trap: reason=bimorphic action=maybe_recompile pc=0x00000000038852d0 method=java.util.HashMap.putVal(ILjava/lang/Object;Ljava/lang/Object;ZZ)Ljava/lang/Object; @ 253
Event: 28.223 Thread 0x000000001a050000 Uncommon trap: reason=class_check action=maybe_recompile pc=0x00000000039263d8 method=java.util.regex.Matcher.match(II)Z @ 86
Event: 28.386 Thread 0x000000001a050000 Uncommon trap: reason=class_check action=maybe_recompile pc=0x00000000039263d8 method=java.util.regex.Matcher.match(II)Z @ 86
Event: 28.387 Thread 0x000000001a050000 Uncommon trap: reason=class_check action=maybe_recompile pc=0x00000000039263d8 method=java.util.regex.Matcher.match(II)Z @ 86
Event: 28.389 Thread 0x000000001a050000 Uncommon trap: reason=class_check action=maybe_recompile pc=0x00000000038e25dc method=java.util.regex.Matcher.match(II)Z @ 86

Classes redefined (0 events):
No events

Internal exceptions (10 events):
Event: 26.297 Thread 0x000000001a045000 Exception <a 'java/lang/NoSuchMethodError': <clinit>> (0x00000000e1c90710) thrown at [D:\src\AOSP-openjdk-cygwin\jdk8u\hotspot\src\share\vm\prims\jni.cpp, line 1614]
Event: 26.316 Thread 0x000000001a045000 Exception <a 'java/lang/NoSuchMethodError': <clinit>> (0x00000000e1ca38e0) thrown at [D:\src\AOSP-openjdk-cygwin\jdk8u\hotspot\src\share\vm\prims\jni.cpp, line 1614]
Event: 26.332 Thread 0x000000001a045000 Exception <a 'java/lang/NoSuchMethodError': <clinit>> (0x00000000e1ccad38) thrown at [D:\src\AOSP-openjdk-cygwin\jdk8u\hotspot\src\share\vm\prims\jni.cpp, line 1614]
Event: 26.341 Thread 0x000000001a045000 Exception <a 'java/lang/NoSuchMethodError': <clinit>> (0x00000000e1ce2da0) thrown at [D:\src\AOSP-openjdk-cygwin\jdk8u\hotspot\src\share\vm\prims\jni.cpp, line 1614]
Event: 26.346 Thread 0x000000001a045000 Exception <a 'java/lang/NoSuchMethodError': <clinit>> (0x00000000e1ceba80) thrown at [D:\src\AOSP-openjdk-cygwin\jdk8u\hotspot\src\share\vm\prims\jni.cpp, line 1614]
Event: 26.364 Thread 0x000000001a045000 Exception <a 'java/lang/NoSuchMethodError': <clinit>> (0x00000000e1d020d8) thrown at [D:\src\AOSP-openjdk-cygwin\jdk8u\hotspot\src\share\vm\prims\jni.cpp, line 1614]
Event: 26.504 Thread 0x000000001a045000 Exception <a 'java/lang/NoSuchMethodError': <clinit>> (0x00000000e1d604d0) thrown at [D:\src\AOSP-openjdk-cygwin\jdk8u\hotspot\src\share\vm\prims\jni.cpp, line 1614]
Event: 26.534 Thread 0x000000001a045000 Exception <a 'java/lang/NoSuchMethodError': <clinit>> (0x00000000e1d8d260) thrown at [D:\src\AOSP-openjdk-cygwin\jdk8u\hotspot\src\share\vm\prims\jni.cpp, line 1614]
Event: 26.585 Thread 0x000000001a045000 Exception <a 'java/lang/NoSuchMethodError': <clinit>> (0x00000000e1dbb6c8) thrown at [D:\src\AOSP-openjdk-cygwin\jdk8u\hotspot\src\share\vm\prims\jni.cpp, line 1614]
Event: 26.591 Thread 0x000000001a045000 Exception <a 'java/lang/NoSuchMethodError': <clinit>> (0x00000000e1dc6ad0) thrown at [D:\src\AOSP-openjdk-cygwin\jdk8u\hotspot\src\share\vm\prims\jni.cpp, line 1614]

Events (10 events):
Event: 29.831 loading class org/gradle/kotlin/dsl/provider/KotlinScriptEvaluator
Event: 29.831 loading class org/gradle/kotlin/dsl/provider/KotlinScriptEvaluator done
Event: 29.832 loading class kotlin/jvm/functions/Function2
Event: 29.832 loading class kotlin/jvm/functions/Function2 done
Event: 29.842 loading class kotlin/Function
Event: 29.842 loading class kotlin/Function done
Event: 29.845 loading class org/gradle/plugin/management/internal/autoapply/AutoAppliedPluginHandler
Event: 29.845 loading class org/gradle/plugin/management/internal/autoapply/AutoAppliedPluginHandler done
Event: 29.860 loading class org/gradle/api/internal/artifacts/DependencyManagementBuildScopeServices
Event: 29.860 loading class org/gradle/api/internal/artifacts/DependencyManagementBuildScopeServices done


Dynamic libraries:
0x00007ff647e30000 - 0x00007ff647e61000 	C:\Program Files\Android\Android Studio\jre\bin\java.exe
0x00007ffa3eba0000 - 0x00007ffa3ed90000 	C:\WINDOWS\SYSTEM32\ntdll.dll
0x00007ffa3cd40000 - 0x00007ffa3cdf2000 	C:\WINDOWS\System32\KERNEL32.DLL
0x00007ffa3bcc0000 - 0x00007ffa3bf64000 	C:\WINDOWS\System32\KERNELBASE.dll
0x00007ffa3dd60000 - 0x00007ffa3de03000 	C:\WINDOWS\System32\ADVAPI32.dll
0x00007ffa3eac0000 - 0x00007ffa3eb5e000 	C:\WINDOWS\System32\msvcrt.dll
0x00007ffa3dc60000 - 0x00007ffa3dcf7000 	C:\WINDOWS\System32\sechost.dll
0x00007ffa3d770000 - 0x00007ffa3d890000 	C:\WINDOWS\System32\RPCRT4.dll
0x00007ffa3ce00000 - 0x00007ffa3cf95000 	C:\WINDOWS\System32\USER32.dll
0x00007ffa3c0f0000 - 0x00007ffa3c111000 	C:\WINDOWS\System32\win32u.dll
0x00007ffa3d890000 - 0x00007ffa3d8b6000 	C:\WINDOWS\System32\GDI32.dll
0x00007ffa3bb20000 - 0x00007ffa3bcb6000 	C:\WINDOWS\System32\gdi32full.dll
0x00007ffa3cb00000 - 0x00007ffa3cb9e000 	C:\WINDOWS\System32\msvcp_win.dll
0x00007ffa3bff0000 - 0x00007ffa3c0ea000 	C:\WINDOWS\System32\ucrtbase.dll
0x00007ffa3a880000 - 0x00007ffa3ab04000 	C:\WINDOWS\WinSxS\amd64_microsoft.windows.common-controls_6595b64144ccf1df_6.0.18362.1016_none_9e7a36bbe461dae4\COMCTL32.dll
0x00007ffa3e720000 - 0x00007ffa3ea55000 	C:\WINDOWS\System32\combase.dll
0x00007ffa3bf70000 - 0x00007ffa3bff0000 	C:\WINDOWS\System32\bcryptPrimitives.dll
0x00007ffa3d690000 - 0x00007ffa3d6be000 	C:\WINDOWS\System32\IMM32.DLL
0x0000000058fe0000 - 0x00000000590b2000 	C:\Program Files\Android\Android Studio\jre\jre\bin\msvcr100.dll
0x0000000059690000 - 0x0000000059ed6000 	C:\Program Files\Android\Android Studio\jre\jre\bin\server\jvm.dll
0x00007ffa3df50000 - 0x00007ffa3df58000 	C:\WINDOWS\System32\PSAPI.DLL
0x00007ffa28080000 - 0x00007ffa28089000 	C:\WINDOWS\SYSTEM32\WSOCK32.dll
0x00007ffa2f060000 - 0x00007ffa2f084000 	C:\WINDOWS\SYSTEM32\WINMM.dll
0x00007ffa3df60000 - 0x00007ffa3dfcf000 	C:\WINDOWS\System32\WS2_32.dll
0x00007ffa3a670000 - 0x00007ffa3a67a000 	C:\WINDOWS\SYSTEM32\VERSION.dll
0x00007ffa2f030000 - 0x00007ffa2f05d000 	C:\WINDOWS\SYSTEM32\WINMMBASE.dll
0x00007ffa3c120000 - 0x00007ffa3c16a000 	C:\WINDOWS\System32\cfgmgr32.dll
0x00007ffa361f0000 - 0x00007ffa361ff000 	C:\Program Files\Android\Android Studio\jre\jre\bin\verify.dll
0x00007ffa296d0000 - 0x00007ffa296f9000 	C:\Program Files\Android\Android Studio\jre\jre\bin\java.dll
0x00007ffa28ac0000 - 0x00007ffa28ad6000 	C:\Program Files\Android\Android Studio\jre\jre\bin\zip.dll
0x00007ffa3cfa0000 - 0x00007ffa3d687000 	C:\WINDOWS\System32\SHELL32.dll
0x00007ffa3db00000 - 0x00007ffa3dba9000 	C:\WINDOWS\System32\shcore.dll
0x00007ffa3c320000 - 0x00007ffa3caa2000 	C:\WINDOWS\System32\windows.storage.dll
0x00007ffa3baa0000 - 0x00007ffa3bac3000 	C:\WINDOWS\System32\profapi.dll
0x00007ffa3bad0000 - 0x00007ffa3bb1a000 	C:\WINDOWS\System32\powrprof.dll
0x00007ffa3ba50000 - 0x00007ffa3ba60000 	C:\WINDOWS\System32\UMPDC.dll
0x00007ffa3ea60000 - 0x00007ffa3eab2000 	C:\WINDOWS\System32\shlwapi.dll
0x00007ffa3ba80000 - 0x00007ffa3ba91000 	C:\WINDOWS\System32\kernel.appcore.dll
0x00007ffa3cab0000 - 0x00007ffa3cac7000 	C:\WINDOWS\System32\cryptsp.dll
0x00007ffa213f0000 - 0x00007ffa2140a000 	C:\Program Files\Android\Android Studio\jre\jre\bin\net.dll
0x00007ffa32860000 - 0x00007ffa32a36000 	C:\WINDOWS\SYSTEM32\urlmon.dll
0x00007ffa2d1d0000 - 0x00007ffa2d476000 	C:\WINDOWS\SYSTEM32\iertutil.dll
0x00007ffa3b480000 - 0x00007ffa3b48c000 	C:\WINDOWS\SYSTEM32\CRYPTBASE.DLL
0x00007ffa3b2b0000 - 0x00007ffa3b317000 	C:\WINDOWS\system32\mswsock.dll
0x00007ffa1c2b0000 - 0x00007ffa1c2c3000 	C:\Program Files\Android\Android Studio\jre\jre\bin\nio.dll
0x00007ffa21af0000 - 0x00007ffa21b16000 	C:\Users\morikentiger\.gradle\native\30\windows-amd64\native-platform.dll
0x00007ffa296c0000 - 0x00007ffa296cd000 	C:\Program Files\Android\Android Studio\jre\jre\bin\management.dll
0x00007ffa3ae20000 - 0x00007ffa3ae53000 	C:\WINDOWS\system32\rsaenh.dll
0x00007ffa3cad0000 - 0x00007ffa3caf6000 	C:\WINDOWS\System32\bcrypt.dll
0x00007ffa3b970000 - 0x00007ffa3b995000 	C:\WINDOWS\SYSTEM32\USERENV.dll
0x00007ffa3afc0000 - 0x00007ffa3affa000 	C:\WINDOWS\SYSTEM32\IPHLPAPI.DLL
0x00007ffa3d760000 - 0x00007ffa3d768000 	C:\WINDOWS\System32\NSI.dll
0x00007ffa340a0000 - 0x00007ffa340b6000 	C:\WINDOWS\SYSTEM32\dhcpcsvc6.DLL
0x00007ffa34620000 - 0x00007ffa3463c000 	C:\WINDOWS\SYSTEM32\dhcpcsvc.DLL
0x00007ffa3b000000 - 0x00007ffa3b0cb000 	C:\WINDOWS\SYSTEM32\DNSAPI.dll

VM Arguments:
jvm_args: -Xmx1536m -Dfile.encoding=windows-31j -Duser.country=JP -Duser.language=ja -Duser.variant 
java_command: org.gradle.launcher.daemon.bootstrap.GradleDaemon 5.6.4
java_class_path (initial): C:\Users\morikentiger\.gradle\wrapper\dists\gradle-5.6.4-all\ankdp27end7byghfw1q2sw75f\gradle-5.6.4\lib\gradle-launcher-5.6.4.jar
Launcher Type: SUN_STANDARD

Environment Variables:
JAVA_HOME=C:\Program Files\Java\jdk1.8.0_221
CLASSPATH=.;C:\Program Files (x86)\QuickTime\QTSystem\QTJava.zip
PATH=C:\Python27\;C:\Python27\Scripts;C:\Program Files (x86)\Common Files\Oracle\Java\javapath;C:\ProgramData\Oracle\Java\javapath;C:\Program Files (x86)\QuickTime\QTSystem\;C:\Program Files (x86)\Lenovo\Access Connections\;C:\Program Files (x86)\Intel\OpenCL SDK\3.0\bin\x86;C:\Program Files (x86)\Intel\OpenCL SDK\3.0\bin\x64;C:\Program Files (x86)\Microchip\xc16\v1.23\bin;C:\Program Files\Microsoft SQL Server\110\Tools\Binn\;C:\Program Files (x86)\Microsoft SDKs\TypeScript\1.0\;C:\Program Files\Microsoft SQL Server\120\Tools\Binn\;C:\Program Files (x86)\Skype\Phone\;C:\Program Files\TortoiseGit\bin;C:\Program Files\Intel\WiFi\bin\;C:\Program Files\Common Files\Intel\WirelessCommon\;C:\WINDOWS\system32;C:\WINDOWS;C:\WINDOWS\System32\Wbem;C:\WINDOWS\System32\WindowsPowerShell\v1.0\;C:\WINDOWS\System32\OpenSSH\;C:\ProgramData\chocolatey\bin;C:\Program Files\nodejs\;C:\Program Files\Java\jdk1.8.0_221\bin;C:\Program Files (x86)\Yarn\bin\;C:\Users\morikentiger\AppData\Local\Programs\Python\Python38\Scripts\;C:\Users\morikentiger\AppData\Local\Programs\Python\Python38\;C:\Ruby24-x64\bin;C:\Program Files\Intel\WiFi\bin\;C:\Program Files\Common Files\Intel\WirelessCommon\;C:\Users\morikentiger\AppData\Local\Microsoft\WindowsApps;C:\Users\morikentiger\AppData\Local\Programs\Microsoft VS Code\bin;C:\Program Files\CMake\bin;C:\Users\morikentiger\AppData\Roaming\npm;C:\Users\morikentiger\AppData\Local\Yarn\bin;C:\Program Files\JetBrains\PyCharm Community Edition 2020.1.1\bin;;C:\src\flutter\flutter\bin;
USERNAME=morikentiger
OS=Windows_NT
PROCESSOR_IDENTIFIER=Intel64 Family 6 Model 58 Stepping 9, GenuineIntel



---------------  S Y S T E M  ---------------

OS: Windows 10.0 , 64 bit Build 18362 (10.0.18362.959)

CPU:total 4 (initial active 4) (2 cores per cpu, 2 threads per core) family 6 model 58 stepping 9, cmov, cx8, fxsr, mmx, sse, sse2, sse3, ssse3, sse4.1, sse4.2, popcnt, avx, aes, clmul, erms, ht, tsc, tscinvbit, tscinv

Memory: 4k page, physical 8077096k(256712k free), swap 33242920k(1212k free)

vm_info: OpenJDK 64-Bit Server VM (25.212-b04) for windows-amd64 JRE (1.8.0_212-release-1586-b04), built by "builder" with MS VC++ 10.0 (VS2010)

time: Fri Aug 28 10:54:42 2020
timezone: ìåãû (ïWèÄéû)
elapsed time: 30 seconds (0d 0h 0m 30s)

